<?xml version="1.0" encoding="UTF-8"?>
<testng-results ignored="0" total="1" passed="1" failed="0" skipped="0">
  <reporter-output>
  </reporter-output>
  <suite started-at="2023-10-28T19:52:41 IST" name="Default suite" finished-at="2023-10-28T19:52:41 IST" duration-ms="73">
    <groups>
    </groups>
    <test started-at="2023-10-28T19:52:41 IST" name="Default test" finished-at="2023-10-28T19:52:41 IST" duration-ms="73">
      <class name="practiceAnnotation.PracticeAnnotations">
        <test-method is-config="true" signature="beforeSuite()[pri:0, instance:practiceAnnotation.PracticeAnnotations@1dde4cb2]" started-at="2023-10-28T19:52:41 IST" name="beforeSuite" finished-at="2023-10-28T19:52:41 IST" duration-ms="15" status="PASS">
          <reporter-output>
          </reporter-output>
        </test-method> <!-- beforeSuite -->
        <test-method is-config="true" signature="beforeTest()[pri:0, instance:practiceAnnotation.PracticeAnnotations@1dde4cb2]" started-at="2023-10-28T19:52:41 IST" name="beforeTest" finished-at="2023-10-28T19:52:41 IST" duration-ms="0" status="PASS">
          <reporter-output>
          </reporter-output>
        </test-method> <!-- beforeTest -->
        <test-method is-config="true" signature="beforeclass()[pri:0, instance:practiceAnnotation.PracticeAnnotations@1dde4cb2]" started-at="2023-10-28T19:52:41 IST" name="beforeclass" finished-at="2023-10-28T19:52:41 IST" duration-ms="0" status="PASS">
          <reporter-output>
          </reporter-output>
        </test-method> <!-- beforeclass -->
        <test-method signature="test()[pri:0, instance:practiceAnnotation.PracticeAnnotations@1dde4cb2]" started-at="2023-10-28T19:52:41 IST" name="test" finished-at="2023-10-28T19:52:41 IST" duration-ms="14" status="PASS">
          <reporter-output>
          </reporter-output>
        </test-method> <!-- test -->
        <test-method is-config="true" signature="afterclass()[pri:0, instance:practiceAnnotation.PracticeAnnotations@1dde4cb2]" started-at="2023-10-28T19:52:41 IST" name="afterclass" finished-at="2023-10-28T19:52:41 IST" duration-ms="0" status="PASS">
          <reporter-output>
          </reporter-output>
        </test-method> <!-- afterclass -->
        <test-method is-config="true" signature="afterTest()[pri:0, instance:practiceAnnotation.PracticeAnnotations@1dde4cb2]" started-at="2023-10-28T19:52:41 IST" name="afterTest" finished-at="2023-10-28T19:52:41 IST" duration-ms="0" status="PASS">
          <reporter-output>
          </reporter-output>
        </test-method> <!-- afterTest -->
        <test-method is-config="true" signature="afterSuite()[pri:0, instance:practiceAnnotation.PracticeAnnotations@1dde4cb2]" started-at="2023-10-28T19:52:42 IST" name="afterSuite" finished-at="2023-10-28T19:52:42 IST" duration-ms="1" status="PASS">
          <reporter-output>
          </reporter-output>
        </test-method> <!-- afterSuite -->
      </class> <!-- practiceAnnotation.PracticeAnnotations -->
    </test> <!-- Default test -->
  </suite> <!-- Default suite -->
</testng-results>
